This is XeTeX, Version 3.1415926-2.4-0.9998 (MiKTeX 2.9) (preloaded format=xelatex 2013.4.18)  30 MAY 2013 23:56
entering extended mode
**ntust_backpages.tex |xdvi ntust_backpages.dvi

(C:\Users\fevath11\Desktop\testLetex\NTUST_Thesis_template_1.5\backpages\ntust_
backpages.tex
LaTeX2e <2011/06/27>
Babel <v3.8m> and hyphenation patterns for english, afrikaans, ancientgreek, ar
abic, armenian, assamese, basque, bengali, bokmal, bulgarian, catalan, coptic, 
croatian, czech, danish, dutch, esperanto, estonian, farsi, finnish, french, ga
lician, german, german-x-2012-05-30, greek, gujarati, hindi, hungarian, iceland
ic, indonesian, interlingua, irish, italian, kannada, kurmanji, latin, latvian,
 lithuanian, malayalam, marathi, mongolian, mongolianlmc, monogreek, ngerman, n
german-x-2012-05-30, nynorsk, oriya, panjabi, pinyin, polish, portuguese, roman
ian, russian, sanskrit, serbian, slovak, slovenian, spanish, swedish, swissgerm
an, tamil, telugu, turkish, turkmen, ukenglish, ukrainian, uppersorbian, usengl
ishmax, welsh, loaded.
! Undefined control sequence.
<argument> ...ct \contentsline {chapter}{\nameRef 
                                                  }{\thepage }}
l.8 \addcontentsline{toc}{chapter}{\nameRef}
                                            
The control sequence at the end of the top line
of your error message was never \def'ed. If you have
misspelled it (e.g., `\hobx'), type `I' and the correct
spelling (e.g., `I\hbox'). Otherwise just continue,
and I'll forget about whatever was undefined.


! LaTeX Error: \bibname undefined.

See the LaTeX manual or LaTeX Companion for explanation.
Type  H <return>  for immediate help.
 ...                                              
                                                  
l.9 \renewcommand{\bibname}
                           {\protect\makebox[5cm][s]{\nameRef}}
Try typing  <return>  to proceed.
If that doesn't work, type  X <return>  to quit.

\bibdata{my_bib}
No file ntust_backpages.bbl.
! Undefined control sequence.
<argument> ...tsline {chapter}{\nameCopyrightForm 
                                                  }{\thepage }}
l.36 ...entsline{toc}{chapter}{\nameCopyrightForm}
                                                  \mbox{}\clearpage}
The control sequence at the end of the top line
of your error message was never \def'ed. If you have
misspelled it (e.g., `\hobx'), type `I' and the correct
spelling (e.g., `I\hbox'). Otherwise just continue,
and I'll forget about whatever was undefined.


! LaTeX Error: Missing \begin{document}.

See the LaTeX manual or LaTeX Companion for explanation.
Type  H <return>  for immediate help.
 ...                                              
                                                  
l.36 ...e{toc}{chapter}{\nameCopyrightForm}\mbox{}
                                                  \clearpage}
You're in trouble here.  Try typing  <return>  to proceed.
If that doesn't work, type  X <return>  to quit.


Overfull \hbox (20.0pt too wide) in paragraph at lines 36--36
[][] 
 []


! LaTeX Error: The font size command \normalsize is not defined:
               there is probably something wrong with the class file.

See the LaTeX manual or LaTeX Companion for explanation.
Type  H <return>  for immediate help.
 ...                                              
                                                  
l.36 ...pter}{\nameCopyrightForm}\mbox{}\clearpage
                                                  }
Your command was ignored.
Type  I <command> <return>  to replace it with another command,
or  <return>  to continue without it.

[1
! Undefined control sequence.
<write> ...ect \contentsline {chapter}{}{\thepage 
                                                  }}
l.36 ...pter}{\nameCopyrightForm}\mbox{}\clearpage
                                                  }
The control sequence at the end of the top line
of your error message was never \def'ed. If you have
misspelled it (e.g., `\hobx'), type `I' and the correct
spelling (e.g., `I\hbox'). Otherwise just continue,
and I'll forget about whatever was undefined.

\@writefile{toc}{\contentsline {chapter}{}{}}
! Undefined control sequence.
<write> ...ect \contentsline {chapter}{}{\thepage 
                                                  }}
l.36 ...pter}{\nameCopyrightForm}\mbox{}\clearpage
                                                  }
The control sequence at the end of the top line
of your error message was never \def'ed. If you have
misspelled it (e.g., `\hobx'), type `I' and the correct
spelling (e.g., `I\hbox'). Otherwise just continue,
and I'll forget about whatever was undefined.

\@writefile{toc}{\contentsline {chapter}{}{}}
])

! LaTeX Error: Missing \begin{document}.

See the LaTeX manual or LaTeX Companion for explanation.
Type  H <return>  for immediate help.
 ...                                              
                                                  
<*> ntust_backpages.tex |
                         xdvi ntust_backpages.dvi
You're in trouble here.  Try typing  <return>  to proceed.
If that doesn't work, type  X <return>  to quit.

Missing character: There is no | in font nullfont!
Missing character: There is no x in font nullfont!
Missing character: There is no d in font nullfont!
Missing character: There is no v in font nullfont!
Missing character: There is no i in font nullfont!
Missing character: There is no n in font nullfont!
Missing character: There is no t in font nullfont!
Missing character: There is no u in font nullfont!
Missing character: There is no s in font nullfont!
Missing character: There is no t in font nullfont!
! Missing $ inserted.
<inserted text> 
                $
<*> ntust_backpages.tex |xdvi ntust_
                                    backpages.dvi
I've inserted a begin-math/end-math symbol since I think
you left one out. Proceed, with fingers crossed.

LaTeX Font Info:    External font `cmex10' loaded for size
(Font)              <7> on input line 0.
LaTeX Font Info:    External font `cmex10' loaded for size
(Font)              <5> on input line 0.
! Emergency stop.
<*> ntust_backpages.tex |xdvi ntust_backpages.dvi
                                                 
*** (job aborted, no legal \end found)

 
Here is how much of TeX's memory you used:
 13 strings out of 429035
 245 string characters out of 3167909
 47509 words of memory out of 3000000
 3361 multiletter control sequences out of 15000+200000
 3640 words of font info for 14 fonts, out of 3000000 for 9000
 912 hyphenation exceptions out of 8191
 20i,4n,14p,161b,115s stack positions out of 5000i,500n,10000p,200000b,50000s
Output written on ntust_backpages.pdf (1 page).
