This is XeTeX, Version 3.1415926-2.5-0.9999.3 (TeX Live 2013) (format=xelatex 2013.11.1)  29 JUL 2015 14:12
entering extended mode
 restricted \write18 enabled.
 file:line:error style messages enabled.
 %&-line parsing enabled.
**relative-work.tex
(./relative-work.tex
LaTeX2e <2011/06/27>
Babel <3.9f> and hyphenation patterns for 78 languages loaded.

./relative-work.tex:1: LaTeX Error: \thetable undefined.

See the LaTeX manual or LaTeX Companion for explanation.
Type  H <return>  for immediate help.
 ...                                              
                                                  
l.1 \renewcommand\thetable
                          {\arabic{chapter}-\arabic{table}}
Try typing  <return>  to proceed.
If that doesn't work, type  X <return>  to quit.

./relative-work.tex:4: Undefined control sequence.
l.4 \chapter
            {Preliminaries}
The control sequence at the end of the top line
of your error message was never \def'ed. If you have
misspelled it (e.g., `\hobx'), type `I' and the correct
spelling (e.g., `I\hbox'). Otherwise just continue,
and I'll forget about whatever was undefined.


./relative-work.tex:4: LaTeX Error: Missing \begin{document}.

See the LaTeX manual or LaTeX Companion for explanation.
Type  H <return>  for immediate help.
 ...                                              
                                                  
l.4 \chapter{P
              reliminaries}
You're in trouble here.  Try typing  <return>  to proceed.
If that doesn't work, type  X <return>  to quit.

Missing character: There is no P in font nullfont!
Missing character: There is no r in font nullfont!
Missing character: There is no e in font nullfont!
Missing character: There is no l in font nullfont!
Missing character: There is no i in font nullfont!
Missing character: There is no m in font nullfont!
Missing character: There is no i in font nullfont!
Missing character: There is no n in font nullfont!
Missing character: There is no a in font nullfont!
Missing character: There is no r in font nullfont!
Missing character: There is no i in font nullfont!
Missing character: There is no e in font nullfont!
Missing character: There is no s in font nullfont!

Overfull \hbox (20.0pt too wide) in paragraph at lines 4--6
[]
 []


./relative-work.tex:7: LaTeX Error: Missing \begin{document}.

See the LaTeX manual or LaTeX Companion for explanation.
Type  H <return>  for immediate help.
 ...                                              
                                                  
l.7 ‰Ωú
       Ê•≠Á≥ªÁµ±ÊåáÁ¥ãËæ®Ë≠òÁöÑÊñπÊ≥ïÔºåÂèØÂàÜÁÇ∫‰∏ªÂãïÂºè‰ΩúÊ•≠Á≥ªÁµ±ÊåáÁ¥ã...

You're in trouble here.  Try typing  <return>  to proceed.
If that doesn't work, type  X <return>  to quit.

Missing character: There is no ‰Ωú in font nullfont!
Missing character: There is no Ê•≠ in font nullfont!
Missing character: There is no Á≥ª in font nullfont!
Missing character: There is no Áµ± in font nullfont!
Missing character: There is no Êåá in font nullfont!
Missing character: There is no Á¥ã in font nullfont!
Missing character: There is no Ëæ® in font nullfont!
Missing character: There is no Ë≠ò in font nullfont!
Missing character: There is no ÁöÑ in font nullfont!
Missing character: There is no Êñπ in font nullfont!
Missing character: There is no Ê≥ï in font nullfont!
Missing character: There is no Ôºå in font nullfont!
Missing character: There is no ÂèØ in font nullfont!
Missing character: There is no ÂàÜ in font nullfont!
Missing character: There is no ÁÇ∫ in font nullfont!
Missing character: There is no ‰∏ª in font nullfont!
Missing character: There is no Âãï in font nullfont!
Missing character: There is no Âºè in font nullfont!
Missing character: There is no ‰Ωú in font nullfont!
Missing character: There is no Ê•≠ in font nullfont!
Missing character: There is no Á≥ª in font nullfont!
Missing character: There is no Áµ± in font nullfont!
Missing character: There is no Êåá in font nullfont!
Missing character: There is no Á¥ã in font nullfont!
Missing character: There is no Ëæ® in font nullfont!
Missing character: There is no Ë≠ò in font nullfont!
Missing character: There is no Ôºà in font nullfont!
Missing character: There is no A in font nullfont!
Missing character: There is no c in font nullfont!
Missing character: There is no t in font nullfont!
Missing character: There is no i in font nullfont!
Missing character: There is no v in font nullfont!
Missing character: There is no e in font nullfont!
Missing character: There is no O in font nullfont!
Missing character: There is no S in font nullfont!
Missing character: There is no F in font nullfont!
Missing character: There is no i in font nullfont!
Missing character: There is no n in font nullfont!
Missing character: There is no g in font nullfont!
Missing character: There is no e in font nullfont!
Missing character: There is no r in font nullfont!
Missing character: There is no p in font nullfont!
Missing character: There is no r in font nullfont!
Missing character: There is no i in font nullfont!
Missing character: There is no n in font nullfont!
Missing character: There is no t in font nullfont!
Missing character: There is no i in font nullfont!
Missing character: There is no n in font nullfont!
Missing character: There is no g in font nullfont!
Missing character: There is no Ôºâ in font nullfont!
Missing character: There is no Ëàá in font nullfont!
Missing character: There is no Ë¢´ in font nullfont!
Missing character: There is no Âãï in font nullfont!
Missing character: There is no Âºè in font nullfont!
Missing character: There is no ‰Ωú in font nullfont!
Missing character: There is no Ê•≠ in font nullfont!
Missing character: There is no Á≥ª in font nullfont!
Missing character: There is no Áµ± in font nullfont!
Missing character: There is no Êåá in font nullfont!
Missing character: There is no Á¥ã in font nullfont!
Missing character: There is no Ëæ® in font nullfont!
Missing character: There is no Ë≠ò in font nullfont!
Missing character: There is no Ôºà in font nullfont!
Missing character: There is no P in font nullfont!
Missing character: There is no a in font nullfont!
Missing character: There is no s in font nullfont!
Missing character: There is no s in font nullfont!
Missing character: There is no i in font nullfont!
Missing character: There is no v in font nullfont!
Missing character: There is no e in font nullfont!
Missing character: There is no O in font nullfont!
Missing character: There is no S in font nullfont!
Missing character: There is no F in font nullfont!
Missing character: There is no i in font nullfont!
Missing character: There is no n in font nullfont!
Missing character: There is no g in font nullfont!
Missing character: There is no e in font nullfont!
Missing character: There is no r in font nullfont!
Missing character: There is no p in font nullfont!
Missing character: There is no r in font nullfont!
Missing character: There is no i in font nullfont!
Missing character: There is no n in font nullfont!
Missing character: There is no t in font nullfont!
Missing character: There is no i in font nullfont!
Missing character: There is no n in font nullfont!
Missing character: There is no g in font nullfont!
Missing character: There is no Ôºâ in font nullfont!
Missing character: There is no „ÄÇ in font nullfont!
Missing character: There is no ‰∏ª in font nullfont!
Missing character: There is no Âãï in font nullfont!
Missing character: There is no Âºè in font nullfont!
Missing character: There is no ‰Ωú in font nullfont!
Missing character: There is no Ê•≠ in font nullfont!
Missing character: There is no Á≥ª in font nullfont!
Missing character: There is no Áµ± in font nullfont!
Missing character: There is no Êåá in font nullfont!
Missing character: There is no Á¥ã in font nullfont!
Missing character: There is no Ëæ® in font nullfont!
Missing character: There is no Ë≠ò in font nullfont!
Missing character: There is no Ôºå in font nullfont!
Missing character: There is no ‰∏ª in font nullfont!
Missing character: There is no Âãï in font nullfont!
Missing character: There is no Â∞ç in font nullfont!
Missing character: There is no ÁõÆ in font nullfont!
Missing character: There is no Ê®ô in font nullfont!
Missing character: There is no ‰∏ª in font nullfont!
Missing character: There is no Ê©ü in font nullfont!
Missing character: There is no ÈÄÅ in font nullfont!
Missing character: There is no Âá∫ in font nullfont!
Missing character: There is no Ëá™ in font nullfont!
Missing character: There is no Ë£Ω in font nullfont!
Missing character: There is no ÁöÑ in font nullfont!
Missing character: There is no Êé¢ in font nullfont!
Missing character: There is no Ê∏¨ in font nullfont!
Missing character: There is no Â∞Å in font nullfont!
Missing character: There is no ÂåÖ in font nullfont!
Missing character: There is no Ôºå in font nullfont!
Missing character: There is no ‰∏¶ in font nullfont!
Missing character: There is no Ê†π in font nullfont!
Missing character: There is no Êìö in font nullfont!
Missing character: There is no Âõû in font nullfont!
Missing character: There is no ÂÇ≥ in font nullfont!
Missing character: There is no ÁöÑ in font nullfont!
Missing character: There is no Âèç in font nullfont!
Missing character: There is no Êáâ in font nullfont!
Missing character: There is no ÂÅö in font nullfont!
Missing character: There is no Âà§ in font nullfont!
Missing character: There is no Êñ∑ in font nullfont!
Missing character: There is no ‰æù in font nullfont!
Missing character: There is no Êìö in font nullfont!
Missing character: There is no Ôºå in font nullfont!
Missing character: There is no Ëªü in font nullfont!
Missing character: There is no È´î in font nullfont!
Missing character: There is no Â∑• in font nullfont!
Missing character: There is no ÂÖ∑ in font nullfont!
Missing character: There is no N in font nullfont!
Missing character: There is no m in font nullfont!
Missing character: There is no a in font nullfont!
Missing character: There is no p in font nullfont!
Missing character: There is no Ëàá in font nullfont!
Missing character: There is no X in font nullfont!
Missing character: There is no p in font nullfont!
Missing character: There is no r in font nullfont!
Missing character: There is no o in font nullfont!
Missing character: There is no b in font nullfont!
Missing character: There is no e in font nullfont!
Missing character: There is no 2 in font nullfont!
Missing character: There is no Âç≥ in font nullfont!
Missing character: There is no Â±¨ in font nullfont!
Missing character: There is no Êñº in font nullfont!
Missing character: There is no Ê≠§ in font nullfont!
Missing character: There is no È°û in font nullfont!
Missing character: There is no „ÄÇ in font nullfont!
Missing character: There is no N in font nullfont!
Missing character: There is no m in font nullfont!
Missing character: There is no a in font nullfont!
Missing character: There is no p in font nullfont!
Missing character: There is no ‰∏ª in font nullfont!
Missing character: There is no Ë¶Å in font nullfont!
Missing character: There is no Êéß in font nullfont!
Missing character: There is no Âà∂ in font nullfont!
Missing character: There is no T in font nullfont!
Missing character: There is no C in font nullfont!
Missing character: There is no P in font nullfont!
Missing character: There is no ÁöÑ in font nullfont!
Missing character: There is no ÂèÉ in font nullfont!
Missing character: There is no Êï∏ in font nullfont!
Missing character: There is no ÂÄº in font nullfont!
Missing character: There is no Ôºå in font nullfont!
Missing character: There is no ÂÅö in font nullfont!
Missing character: There is no ÁÇ∫ in font nullfont!
Missing character: There is no Êé¢ in font nullfont!
Missing character: There is no Ê∏¨ in font nullfont!
Missing character: There is no Áî® in font nullfont!
Missing character: There is no Â∞Å in font nullfont!
Missing character: There is no ÂåÖ in font nullfont!
Missing character: There is no Ôºõ in font nullfont!
Missing character: There is no X in font nullfont!
Missing character: There is no p in font nullfont!
Missing character: There is no r in font nullfont!
Missing character: There is no o in font nullfont!
Missing character: There is no b in font nullfont!
Missing character: There is no e in font nullfont!
Missing character: There is no 2 in font nullfont!
Missing character: There is no Ââá in font nullfont!
Missing character: There is no ÊòØ in font nullfont!
Missing character: There is no Ëëó in font nullfont!
Missing character: There is no Èáç in font nullfont!
Missing character: There is no Êñº in font nullfont!
Missing character: There is no ÈÄÅ in font nullfont!
Missing character: There is no Âá∫ in font nullfont!
Missing character: There is no I in font nullfont!
Missing character: There is no C in font nullfont!
Missing character: There is no M in font nullfont!
Missing character: There is no P in font nullfont!
Missing character: There is no Â∞Å in font nullfont!
Missing character: There is no ÂåÖ in font nullfont!
Missing character: There is no Ôºå in font nullfont!
Missing character: There is no Âà© in font nullfont!
Missing character: There is no Áî® in font nullfont!
Missing character: There is no ÈÇè in font nullfont!
Missing character: There is no ËºØ in font nullfont!
Missing character: There is no Ê®π in font nullfont!
Missing character: There is no Êñ∑ in font nullfont!
Missing character: There is no ÂÆö in font nullfont!
Missing character: There is no ‰Ωú in font nullfont!
Missing character: There is no Ê•≠ in font nullfont!
Missing character: There is no Á≥ª in font nullfont!
Missing character: There is no Áµ± in font nullfont!
Missing character: There is no ÁöÑ in font nullfont!
Missing character: There is no È°û in font nullfont!
Missing character: There is no Âûã in font nullfont!
Missing character: There is no „ÄÇ in font nullfont!
Missing character: There is no Ë¢´ in font nullfont!
Missing character: There is no Âãï in font nullfont!
Missing character: There is no Âºè in font nullfont!
Missing character: There is no ‰Ωú in font nullfont!
Missing character: There is no Ê•≠ in font nullfont!
Missing character: There is no Á≥ª in font nullfont!
Missing character: There is no Áµ± in font nullfont!
Missing character: There is no Êåá in font nullfont!
Missing character: There is no Á¥ã in font nullfont!
Missing character: There is no Ëæ® in font nullfont!
Missing character: There is no Ë≠ò in font nullfont!
Missing character: There is no ÊòØ in font nullfont!
Missing character: There is no Áõ£ in font nullfont!
Missing character: There is no ËÅΩ in font nullfont!
Missing character: There is no Á∂≤ in font nullfont!
Missing character: There is no Ë∑Ø in font nullfont!
Missing character: There is no ‰∏ä in font nullfont!
Missing character: There is no ÁõÆ in font nullfont!
Missing character: There is no Ê®ô in font nullfont!
Missing character: There is no ‰∏ª in font nullfont!
Missing character: There is no Ê©ü in font nullfont!
Missing character: There is no ÁöÑ in font nullfont!
Missing character: There is no Â∞Å in font nullfont!
Missing character: There is no ÂåÖ in font nullfont!
Missing character: There is no ÂæÄ in font nullfont!
Missing character: There is no ‰æÜ in font nullfont!
Missing character: There is no ÂÅö in font nullfont!
Missing character: There is no ÁÇ∫ in font nullfont!
Missing character: There is no Âà§ in font nullfont!
Missing character: There is no Êñ∑ in font nullfont!
Missing character: There is no ÁöÑ in font nullfont!
Missing character: There is no ‰æù in font nullfont!
Missing character: There is no Êìö in font nullfont!
Missing character: There is no Ôºå in font nullfont!
Missing character: There is no P in font nullfont!
Missing character: There is no 0 in font nullfont!
Missing character: There is no f in font nullfont!
Missing character: There is no Âç≥ in font nullfont!
Missing character: There is no Â±¨ in font nullfont!
Missing character: There is no Êñº in font nullfont!
Missing character: There is no Ë¢´ in font nullfont!
Missing character: There is no Âãï in font nullfont!
Missing character: There is no Âºè in font nullfont!
Missing character: There is no Ôºå in font nullfont!
Missing character: There is no Áõ∏ in font nullfont!
Missing character: There is no Â∞ç in font nullfont!
Missing character: There is no Êñº in font nullfont!
Missing character: There is no ‰∏ª in font nullfont!
Missing character: There is no Âãï in font nullfont!
Missing character: There is no Âºè in font nullfont!
Missing character: There is no ‰Ωú in font nullfont!
Missing character: There is no Ê•≠ in font nullfont!
Missing character: There is no Á≥ª in font nullfont!
Missing character: There is no Áµ± in font nullfont!
Missing character: There is no Êåá in font nullfont!
Missing character: There is no Á¥ã in font nullfont!
Missing character: There is no Ëæ® in font nullfont!
Missing character: There is no Ë≠ò in font nullfont!
Missing character: There is no ËºÉ in font nullfont!
Missing character: There is no ‰∏ç in font nullfont!
Missing character: There is no Êòì in font nullfont!
Missing character: There is no Ë¢´ in font nullfont!
Missing character: There is no ‰∫∫ in font nullfont!
Missing character: There is no ÂØü in font nullfont!
Missing character: There is no Ë¶∫ in font nullfont!
Missing character: There is no „ÄÇ in font nullfont!
Missing character: There is no ‰∏ç in font nullfont!
Missing character: There is no Ë´ñ in font nullfont!
Missing character: There is no ÊòØ in font nullfont!
Missing character: There is no ‰∏ª in font nullfont!
Missing character: There is no Âãï in font nullfont!
Missing character: There is no Âºè in font nullfont!
Missing character: There is no Êàñ in font nullfont!
Missing character: There is no Ë¢´ in font nullfont!
Missing character: There is no Âãï in font nullfont!
Missing character: There is no Âºè in font nullfont!
Missing character: There is no ÁöÑ in font nullfont!
Missing character: There is no ‰Ωú in font nullfont!
Missing character: There is no Ê•≠ in font nullfont!
Missing character: There is no Á≥ª in font nullfont!
Missing character: There is no Áµ± in font nullfont!
Missing character: There is no Êåá in font nullfont!
Missing character: There is no Á¥ã in font nullfont!
Missing character: There is no Ëæ® in font nullfont!
Missing character: There is no Ë≠ò in font nullfont!
Missing character: There is no Ôºå in font nullfont!
Missing character: There is no ÁöÜ in font nullfont!
Missing character: There is no Âà© in font nullfont!
Missing character: There is no Áî® in font nullfont!
Missing character: There is no T in font nullfont!
Missing character: There is no C in font nullfont!
Missing character: There is no P in font nullfont!
Missing character: There is no / in font nullfont!
Missing character: There is no I in font nullfont!
Missing character: There is no P in font nullfont!
Missing character: There is no Â†Ü in font nullfont!
Missing character: There is no Áñä in font nullfont!
Missing character: There is no ÈÄ≤ in font nullfont!
Missing character: There is no Ë°å in font nullfont!
Missing character: There is no Ëæ® in font nullfont!
Missing character: There is no Ë≠ò in font nullfont!
Missing character: There is no Ôºå in font nullfont!
Missing character: There is no ÂåÖ in font nullfont!
Missing character: There is no Êã¨ in font nullfont!
Missing character: There is no Â∞Å in font nullfont!
Missing character: There is no ÂåÖ in font nullfont!
Missing character: There is no Â≠ò in font nullfont!
Missing character: There is no Ê¥ª in font nullfont!
Missing character: There is no ÊôÇ in font nullfont!
Missing character: There is no Èñì in font nullfont!
Missing character: There is no Ôºà in font nullfont!
Missing character: There is no t in font nullfont!
Missing character: There is no i in font nullfont!
Missing character: There is no m in font nullfont!
Missing character: There is no e in font nullfont!
Missing character: There is no t in font nullfont!
Missing character: There is no o in font nullfont!
Missing character: There is no l in font nullfont!
Missing character: There is no i in font nullfont!
Missing character: There is no v in font nullfont!
Missing character: There is no e in font nullfont!
Missing character: There is no Ôºå in font nullfont!
Missing character: There is no T in font nullfont!
Missing character: There is no T in font nullfont!
Missing character: There is no L in font nullfont!
Missing character: There is no Ôºâ in font nullfont!
Missing character: There is no „ÄÅ in font nullfont!
Missing character: There is no W in font nullfont!
Missing character: There is no i in font nullfont!
Missing character: There is no n in font nullfont!
Missing character: There is no d in font nullfont!
Missing character: There is no o in font nullfont!
Missing character: There is no w in font nullfont!
Missing character: There is no S in font nullfont!
Missing character: There is no i in font nullfont!
Missing character: There is no z in font nullfont!
Missing character: There is no e in font nullfont!
Missing character: There is no „ÄÅ in font nullfont!
Missing character: There is no ÊúÄ in font nullfont!
Missing character: There is no Â§ß in font nullfont!
Missing character: There is no ÂàÜ in font nullfont!
Missing character: There is no Ââ≤ in font nullfont!
Missing character: There is no Â§ß in font nullfont!
Missing character: There is no Â∞è in font nullfont!
Missing character: There is no Ôºà in font nullfont!
Missing character: There is no M in font nullfont!
Missing character: There is no a in font nullfont!
Missing character: There is no x in font nullfont!
Missing character: There is no i in font nullfont!
Missing character: There is no m in font nullfont!
Missing character: There is no u in font nullfont!
Missing character: There is no m in font nullfont!
Missing character: There is no S in font nullfont!
Missing character: There is no e in font nullfont!
Missing character: There is no g in font nullfont!
Missing character: There is no m in font nullfont!
Missing character: There is no e in font nullfont!
Missing character: There is no n in font nullfont!
Missing character: There is no t in font nullfont!
Missing character: There is no S in font nullfont!
Missing character: There is no i in font nullfont!
Missing character: There is no z in font nullfont!
Missing character: There is no e in font nullfont!
Missing character: There is no Ôºâ in font nullfont!
Missing character: There is no „ÄÅ in font nullfont!
Missing character: There is no ‰∏ç in font nullfont!
Missing character: There is no ÂàÜ in font nullfont!
Missing character: There is no ÊÆµ in font nullfont!
Missing character: There is no Ê®ô in font nullfont!
Missing character: There is no Ë®ò in font nullfont!
Missing character: There is no Ôºà in font nullfont!
Missing character: There is no D in font nullfont!
Missing character: There is no o in font nullfont!
Missing character: There is no n in font nullfont!
Missing character: There is no ' in font nullfont!
Missing character: There is no t in font nullfont!
Missing character: There is no F in font nullfont!
Missing character: There is no r in font nullfont!
Missing character: There is no a in font nullfont!
Missing character: There is no g in font nullfont!
Missing character: There is no m in font nullfont!
Missing character: There is no e in font nullfont!
Missing character: There is no n in font nullfont!
Missing character: There is no t in font nullfont!
Missing character: There is no f in font nullfont!
Missing character: There is no l in font nullfont!
Missing character: There is no a in font nullfont!
Missing character: There is no g in font nullfont!
Missing character: There is no Ôºâ in font nullfont!
Missing character: There is no „ÄÅ in font nullfont!
Missing character: There is no W in font nullfont!
Missing character: There is no i in font nullfont!
Missing character: There is no n in font nullfont!
Missing character: There is no d in font nullfont!
Missing character: There is no o in font nullfont!
Missing character: There is no w in font nullfont!
Missing character: There is no S in font nullfont!
Missing character: There is no c in font nullfont!
Missing character: There is no a in font nullfont!
Missing character: There is no l in font nullfont!
Missing character: There is no e in font nullfont!
Missing character: There is no O in font nullfont!
Missing character: There is no p in font nullfont!
Missing character: There is no t in font nullfont!
Missing character: There is no i in font nullfont!
Missing character: There is no o in font nullfont!
Missing character: There is no n in font nullfont!
Missing character: There is no Á≠â in font nullfont!
Missing character: There is no Ôºå in font nullfont!
Missing character: There is no Âõ† in font nullfont!
Missing character: There is no ÁÇ∫ in font nullfont!
Missing character: There is no ‰∏ç in font nullfont!
Missing character: There is no Âêå in font nullfont!
Missing character: There is no ÁöÑ in font nullfont!
Missing character: There is no ‰Ωú in font nullfont!
Missing character: There is no Ê•≠ in font nullfont!
Missing character: There is no Á≥ª in font nullfont!
Missing character: There is no Áµ± in font nullfont!
Missing character: There is no ÁöÑ in font nullfont!
Missing character: There is no f in font nullfont!
Missing character: There is no i in font nullfont!
Missing character: There is no n in font nullfont!
Missing character: There is no g in font nullfont!
Missing character: There is no e in font nullfont!
Missing character: There is no r in font nullfont!
Missing character: There is no p in font nullfont!
Missing character: There is no r in font nullfont!
Missing character: There is no i in font nullfont!
Missing character: There is no n in font nullfont!
Missing character: There is no t in font nullfont!
Missing character: There is no Êúâ in font nullfont!
Missing character: There is no ÊâÄ in font nullfont!
Missing character: There is no ‰∏ç in font nullfont!
Missing character: There is no Âêå in font nullfont!
Missing character: There is no Ôºå in font nullfont!
Missing character: There is no ÊâÄ in font nullfont!
Missing character: There is no ‰ª• in font nullfont!
Missing character: There is no ÂèØ in font nullfont!
Missing character: There is no ÂÅö in font nullfont!
Missing character: There is no ÁÇ∫ in font nullfont!
Missing character: There is no Âà§ in font nullfont!
Missing character: There is no ÂÆö in font nullfont!
Missing character: There is no ‰Ωú in font nullfont!
Missing character: There is no Ê•≠ in font nullfont!
Missing character: There is no Á≥ª in font nullfont!
Missing character: There is no Áµ± in font nullfont!
Missing character: There is no ÁöÑ in font nullfont!
Missing character: There is no ‰æù in font nullfont!
Missing character: There is no Êìö in font nullfont!
Missing character: There is no „ÄÇ in font nullfont!
Missing character: There is no Â¶Ç in font nullfont!
Missing character: There is no Âúñ in font nullfont!
./relative-work.tex:7: Undefined control sequence.
<write> ...: Reference `fig:PHI' on page \thepage 
                                                  \space undefined\on@line .^^J
l.7 ...ΩúÊ•≠Á≥ªÁµ±ÁöÑ‰æùÊìö„ÄÇÂ¶ÇÂúñ~\ref{fig:PHI}
                                                  ÊâÄÁ§∫„ÄÇ
The control sequence at the end of the top line
of your error message was never \def'ed. If you have
misspelled it (e.g., `\hobx'), type `I' and the correct
spelling (e.g., `I\hbox'). Otherwise just continue,
and I'll forget about whatever was undefined.


LaTeX Warning: Reference `fig:PHI' on page  undefined on input line 7.

Missing character: There is no ÊâÄ in font nullfont!
Missing character: There is no Á§∫ in font nullfont!
Missing character: There is no „ÄÇ in font nullfont!

Overfull \hbox (20.0pt too wide) in paragraph at lines 7--8
[]
 []


Overfull \hbox (10.86105pt too wide) in paragraph at lines 7--8
[] 
 []


./relative-work.tex:10: LaTeX Error: Environment figure undefined.

See the LaTeX manual or LaTeX Companion for explanation.
Type  H <return>  for immediate help.
 ...                                              
                                                  
l.10 \begin{figure}
                   [t!]
Your command was ignored.
Type  I <command> <return>  to replace it with another command,
or  <return>  to continue without it.


./relative-work.tex:10: LaTeX Error: Missing \begin{document}.

See the LaTeX manual or LaTeX Companion for explanation.
Type  H <return>  for immediate help.
 ...                                              
                                                  
l.10 \begin{figure}[
                    t!]
You're in trouble here.  Try typing  <return>  to proceed.
If that doesn't work, type  X <return>  to quit.

Missing character: There is no [ in font nullfont!
Missing character: There is no t in font nullfont!
Missing character: There is no ! in font nullfont!
Missing character: There is no ] in font nullfont!

Overfull \hbox (20.0pt too wide) in paragraph at lines 10--11
[] 
 []

./relative-work.tex:12: Undefined control sequence.
l.12     \includegraphics
                         [width=1.0\textwidth]{figures/dyna_rm.eps}
The control sequence at the end of the top line
of your error message was never \def'ed. If you have
misspelled it (e.g., `\hobx'), type `I' and the correct
spelling (e.g., `I\hbox'). Otherwise just continue,
and I'll forget about whatever was undefined.

Missing character: There is no [ in font nullfont!
Missing character: There is no w in font nullfont!
Missing character: There is no i in font nullfont!
Missing character: There is no d in font nullfont!
Missing character: There is no t in font nullfont!
Missing character: There is no h in font nullfont!
Missing character: There is no = in font nullfont!
Missing character: There is no 1 in font nullfont!
Missing character: There is no . in font nullfont!
Missing character: There is no 0 in font nullfont!
./relative-work.tex:12: Missing number, treated as zero.
<to be read again> 
                   ]
l.12     \includegraphics[width=1.0\textwidth]
                                              {figures/dyna_rm.eps}
A number should have been here; I inserted `0'.
(If you can't figure out why I needed to see a number,
look up `weird error' in the index to The TeXbook.)

./relative-work.tex:12: Illegal unit of measure (pt inserted).
<to be read again> 
                   ]
l.12     \includegraphics[width=1.0\textwidth]
                                              {figures/dyna_rm.eps}
Dimensions can be in units of em, ex, in, pt, pc,
cm, mm, dd, cc, bp, or sp; but yours is a new one!
I'll assume that you meant to say pt, for printer's points.
To recover gracefully from this error, it's best to
delete the erroneous units; e.g., type `2' to delete
two letters. (See Chapter 27 of The TeXbook.)

Missing character: There is no ] in font nullfont!
Missing character: There is no f in font nullfont!
Missing character: There is no i in font nullfont!
Missing character: There is no g in font nullfont!
Missing character: There is no u in font nullfont!
Missing character: There is no r in font nullfont!
Missing character: There is no e in font nullfont!
Missing character: There is no s in font nullfont!
Missing character: There is no / in font nullfont!
Missing character: There is no d in font nullfont!
Missing character: There is no y in font nullfont!
Missing character: There is no n in font nullfont!
Missing character: There is no a in font nullfont!
./relative-work.tex:12: Missing $ inserted.
<inserted text> 
                $
l.12 ...raphics[width=1.0\textwidth]{figures/dyna_
                                                  rm.eps}
I've inserted a begin-math/end-math symbol since I think
you left one out. Proceed, with fingers crossed.

LaTeX Font Info:    External font `cmex10' loaded for size
(Font)              <7> on input line 12.
LaTeX Font Info:    External font `cmex10' loaded for size
(Font)              <5> on input line 12.
./relative-work.tex:12: Extra }, or forgotten $.
l.12 ...[width=1.0\textwidth]{figures/dyna_rm.eps}
                                                  
I've deleted a group-closing symbol because it seems to be
spurious, as in `$x}$'. But perhaps the } is legitimate and
you forgot something else, as in `\hbox{$x}'. In such cases
the way to recover is to insert both the forgotten and the
deleted material, e.g., by typing `I$}'.


./relative-work.tex:13: LaTeX Error: \caption outside float.

See the LaTeX manual or LaTeX Companion for explanation.
Type  H <return>  for immediate help.
 ...                                              
                                                  
l.13     \caption
                 {The diagram of ``prototypical PHI query''}
You're in trouble here.  Try typing  <return>  to proceed.
If that doesn't work, type  X <return>  to quit.


./relative-work.tex:15: LaTeX Error: Command \end{center} invalid in math mode.


See the LaTeX manual or LaTeX Companion for explanation.
Type  H <return>  for immediate help.
 ...                                              
                                                  
l.15   \end{center}
                   
Try typing  <return>  to proceed.
If that doesn't work, type  X <return>  to quit.


./relative-work.tex:15: LaTeX Error: Something's wrong--perhaps a missing \item
.

See the LaTeX manual or LaTeX Companion for explanation.
Type  H <return>  for immediate help.
 ...                                              
                                                  
l.15   \end{center}
                   
Try typing  <return>  to proceed.
If that doesn't work, type  X <return>  to quit.


./relative-work.tex:15: LaTeX Error: Something's wrong--perhaps a missing \item
.

See the LaTeX manual or LaTeX Companion for explanation.
Type  H <return>  for immediate help.
 ...                                              
                                                  
l.15   \end{center}
                   
Try typing  <return>  to proceed.
If that doesn't work, type  X <return>  to quit.

./relative-work.tex:15: Missing $ inserted.
<inserted text> 
                $
l.15   \end{center}
                   
I've inserted something that you may have forgotten.
(See the <inserted text> above.)
With luck, this will get me unwedged. But if you
really didn't forget anything, try typing `2' now; then
my insertion and my current dilemma will both disappear.

./relative-work.tex:15: Missing } inserted.
<inserted text> 
                }
l.15   \end{center}
                   
I've inserted something that you may have forgotten.
(See the <inserted text> above.)
With luck, this will get me unwedged. But if you
really didn't forget anything, try typing `2' now; then
my insertion and my current dilemma will both disappear.


./relative-work.tex:16: LaTeX Error: \begin{document} ended by \end{figure}.

See the LaTeX manual or LaTeX Companion for explanation.
Type  H <return>  for immediate help.
 ...                                              
                                                  
l.16 \end{figure}
                 
Your command was ignored.
Type  I <command> <return>  to replace it with another command,
or  <return>  to continue without it.

)
! Emergency stop.
<*> relative-work.tex
                     
*** (job aborted, no legal \end found)

 
Here is how much of TeX's memory you used:
 13 strings out of 493938
 151 string characters out of 6148857
 51899 words of memory out of 5000000
 3416 multiletter control sequences out of 15000+600000
 3948 words of font info for 15 fonts, out of 8000000 for 9000
 1144 hyphenation exceptions out of 8191
 19i,3n,19p,535b,105s stack positions out of 5000i,500n,10000p,200000b,80000s
No pages of output.
